<?xml version="1.0" encoding="UTF-8"?>
<!-- Generated by org.testng.reporters.JUnitXMLReporter -->
<testsuite ignored="0" hostname="LAPTOP-VI30PN44" failures="1" tests="7" name="MonefyApp-SanityTest" time="135.937" errors="0" timestamp="27 May 2021 12:15:17 GMT">
  <testcase classname="MyAppiumTest.Monefy.DashBoardAddIncomeTest" name="@BeforeMethod openAppp" time="20.254">
    <failure type="org.openqa.selenium.NoSuchElementException" message="An element could not be located on the page using the given search parameters.
For documentation on this error, please visit: https://www.seleniumhq.org/exceptions/no_such_element.html
Build info: version: &amp;apos;3.141.59&amp;apos;, revision: &amp;apos;e82be7d358&amp;apos;, time: &amp;apos;2018-11-14T08:17:03&amp;apos;
System info: host: &amp;apos;LAPTOP-VI30PN44&amp;apos;, ip: &amp;apos;192.168.1.100&amp;apos;, os.name: &amp;apos;Windows 10&amp;apos;, os.arch: &amp;apos;amd64&amp;apos;, os.version: &amp;apos;10.0&amp;apos;, java.version: &amp;apos;13.0.2&amp;apos;
Driver info: io.appium.java_client.AppiumDriver
Capabilities {appActivity: com.monefy.activities.main...., appPackage: com.monefy.app.lite, databaseEnabled: false, desired: {appActivity: com.monefy.activities.main...., appPackage: com.monefy.app.lite, deviceName: Galaxy A30, platformName: android, platformVersion: 9, udid: RZ8M63QAJMT}, deviceApiLevel: 28, deviceManufacturer: samsung, deviceModel: SM-A305F, deviceName: RZ8M63QAJMT, deviceScreenDensity: 540, deviceScreenSize: 1080x2340, deviceUDID: RZ8M63QAJMT, javascriptEnabled: true, locationContextEnabled: false, networkConnectionEnabled: true, pixelRatio: 3.375, platform: LINUX, platformName: ANDROID, platformVersion: 9, statBarHeight: 83, takesScreenshot: true, udid: RZ8M63QAJMT, viewportRect: {height: 2012, left: 0, top: 83, width: 1080}, warnings: {}, webStorageEnabled: false}
Session ID: dec17ea8-308c-40d9-b10e-f6661902e0ea
*** Element info: {Using=id, value=com.monefy.app.lite:id/expense_button_title}">
      <![CDATA[org.openqa.selenium.NoSuchElementException: An element could not be located on the page using the given search parameters.
For documentation on this error, please visit: https://www.seleniumhq.org/exceptions/no_such_element.html
Build info: version: '3.141.59', revision: 'e82be7d358', time: '2018-11-14T08:17:03'
System info: host: 'LAPTOP-VI30PN44', ip: '192.168.1.100', os.name: 'Windows 10', os.arch: 'amd64', os.version: '10.0', java.version: '13.0.2'
Driver info: io.appium.java_client.AppiumDriver
Capabilities {appActivity: com.monefy.activities.main...., appPackage: com.monefy.app.lite, databaseEnabled: false, desired: {appActivity: com.monefy.activities.main...., appPackage: com.monefy.app.lite, deviceName: Galaxy A30, platformName: android, platformVersion: 9, udid: RZ8M63QAJMT}, deviceApiLevel: 28, deviceManufacturer: samsung, deviceModel: SM-A305F, deviceName: RZ8M63QAJMT, deviceScreenDensity: 540, deviceScreenSize: 1080x2340, deviceUDID: RZ8M63QAJMT, javascriptEnabled: true, locationContextEnabled: false, networkConnectionEnabled: true, pixelRatio: 3.375, platform: LINUX, platformName: ANDROID, platformVersion: 9, statBarHeight: 83, takesScreenshot: true, udid: RZ8M63QAJMT, viewportRect: {height: 2012, left: 0, top: 83, width: 1080}, warnings: {}, webStorageEnabled: false}
Session ID: dec17ea8-308c-40d9-b10e-f6661902e0ea
*** Element info: {Using=id, value=com.monefy.app.lite:id/expense_button_title}
at org.openqa.selenium.remote.http.W3CHttpResponseCodec.createException(W3CHttpResponseCodec.java:187)
at org.openqa.selenium.remote.http.W3CHttpResponseCodec.decode(W3CHttpResponseCodec.java:122)
at org.openqa.selenium.remote.http.W3CHttpResponseCodec.decode(W3CHttpResponseCodec.java:49)
at org.openqa.selenium.remote.HttpCommandExecutor.execute(HttpCommandExecutor.java:158)
at io.appium.java_client.remote.AppiumCommandExecutor.execute(AppiumCommandExecutor.java:247)
at org.openqa.selenium.remote.RemoteWebDriver.execute(RemoteWebDriver.java:552)
at io.appium.java_client.DefaultGenericMobileDriver.execute(DefaultGenericMobileDriver.java:41)
at io.appium.java_client.AppiumDriver.execute(AppiumDriver.java:1)
at org.openqa.selenium.remote.RemoteWebDriver.findElement(RemoteWebDriver.java:323)
at io.appium.java_client.DefaultGenericMobileDriver.findElement(DefaultGenericMobileDriver.java:61)
at io.appium.java_client.AppiumDriver.findElement(AppiumDriver.java:1)
at org.openqa.selenium.remote.RemoteWebDriver.findElementById(RemoteWebDriver.java:372)
at io.appium.java_client.DefaultGenericMobileDriver.findElementById(DefaultGenericMobileDriver.java:69)
at io.appium.java_client.AppiumDriver.findElementById(AppiumDriver.java:1)
at org.openqa.selenium.By$ById.findElement(By.java:188)
at org.openqa.selenium.remote.RemoteWebDriver.findElement(RemoteWebDriver.java:315)
at io.appium.java_client.DefaultGenericMobileDriver.findElement(DefaultGenericMobileDriver.java:57)
at io.appium.java_client.AppiumDriver.findElement(AppiumDriver.java:1)
at MyAppiumTest.Monefy.MonefyApp.IsMonefyAppOpen(MonefyApp.java:81)
at MyAppiumTest.Monefy.DashBoardAddIncomeTest.openAppp(DashBoardAddIncomeTest.java:41)
... Removed 33 stack frames]]>
    </failure>
  </testcase> <!-- @BeforeMethod openAppp -->
  <testcase classname="MyAppiumTest.Monefy.DashBoardAddIncomeTest" name="@BeforeMethod openAppp" time="0.0">
    <skipped/>
  </testcase> <!-- @BeforeMethod openAppp -->
  <testcase classname="MyAppiumTest.Monefy.ExpenseCategoriesTest" name="@BeforeMethod openAppp" time="20.48">
    <failure type="org.openqa.selenium.NoSuchElementException" message="An element could not be located on the page using the given search parameters.
For documentation on this error, please visit: https://www.seleniumhq.org/exceptions/no_such_element.html
Build info: version: &amp;apos;3.141.59&amp;apos;, revision: &amp;apos;e82be7d358&amp;apos;, time: &amp;apos;2018-11-14T08:17:03&amp;apos;
System info: host: &amp;apos;LAPTOP-VI30PN44&amp;apos;, ip: &amp;apos;192.168.1.100&amp;apos;, os.name: &amp;apos;Windows 10&amp;apos;, os.arch: &amp;apos;amd64&amp;apos;, os.version: &amp;apos;10.0&amp;apos;, java.version: &amp;apos;13.0.2&amp;apos;
Driver info: io.appium.java_client.AppiumDriver
Capabilities {appActivity: com.monefy.activities.main...., appPackage: com.monefy.app.lite, databaseEnabled: false, desired: {appActivity: com.monefy.activities.main...., appPackage: com.monefy.app.lite, deviceName: Galaxy A30, platformName: android, platformVersion: 9, udid: RZ8M63QAJMT}, deviceApiLevel: 28, deviceManufacturer: samsung, deviceModel: SM-A305F, deviceName: RZ8M63QAJMT, deviceScreenDensity: 540, deviceScreenSize: 1080x2340, deviceUDID: RZ8M63QAJMT, javascriptEnabled: true, locationContextEnabled: false, networkConnectionEnabled: true, pixelRatio: 3.375, platform: LINUX, platformName: ANDROID, platformVersion: 9, statBarHeight: 83, takesScreenshot: true, udid: RZ8M63QAJMT, viewportRect: {height: 2012, left: 0, top: 83, width: 1080}, warnings: {}, webStorageEnabled: false}
Session ID: dec17ea8-308c-40d9-b10e-f6661902e0ea
*** Element info: {Using=id, value=com.monefy.app.lite:id/expense_button_title}">
      <![CDATA[org.openqa.selenium.NoSuchElementException: An element could not be located on the page using the given search parameters.
For documentation on this error, please visit: https://www.seleniumhq.org/exceptions/no_such_element.html
Build info: version: '3.141.59', revision: 'e82be7d358', time: '2018-11-14T08:17:03'
System info: host: 'LAPTOP-VI30PN44', ip: '192.168.1.100', os.name: 'Windows 10', os.arch: 'amd64', os.version: '10.0', java.version: '13.0.2'
Driver info: io.appium.java_client.AppiumDriver
Capabilities {appActivity: com.monefy.activities.main...., appPackage: com.monefy.app.lite, databaseEnabled: false, desired: {appActivity: com.monefy.activities.main...., appPackage: com.monefy.app.lite, deviceName: Galaxy A30, platformName: android, platformVersion: 9, udid: RZ8M63QAJMT}, deviceApiLevel: 28, deviceManufacturer: samsung, deviceModel: SM-A305F, deviceName: RZ8M63QAJMT, deviceScreenDensity: 540, deviceScreenSize: 1080x2340, deviceUDID: RZ8M63QAJMT, javascriptEnabled: true, locationContextEnabled: false, networkConnectionEnabled: true, pixelRatio: 3.375, platform: LINUX, platformName: ANDROID, platformVersion: 9, statBarHeight: 83, takesScreenshot: true, udid: RZ8M63QAJMT, viewportRect: {height: 2012, left: 0, top: 83, width: 1080}, warnings: {}, webStorageEnabled: false}
Session ID: dec17ea8-308c-40d9-b10e-f6661902e0ea
*** Element info: {Using=id, value=com.monefy.app.lite:id/expense_button_title}
at org.openqa.selenium.remote.http.W3CHttpResponseCodec.createException(W3CHttpResponseCodec.java:187)
at org.openqa.selenium.remote.http.W3CHttpResponseCodec.decode(W3CHttpResponseCodec.java:122)
at org.openqa.selenium.remote.http.W3CHttpResponseCodec.decode(W3CHttpResponseCodec.java:49)
at org.openqa.selenium.remote.HttpCommandExecutor.execute(HttpCommandExecutor.java:158)
at io.appium.java_client.remote.AppiumCommandExecutor.execute(AppiumCommandExecutor.java:247)
at org.openqa.selenium.remote.RemoteWebDriver.execute(RemoteWebDriver.java:552)
at io.appium.java_client.DefaultGenericMobileDriver.execute(DefaultGenericMobileDriver.java:41)
at io.appium.java_client.AppiumDriver.execute(AppiumDriver.java:1)
at org.openqa.selenium.remote.RemoteWebDriver.findElement(RemoteWebDriver.java:323)
at io.appium.java_client.DefaultGenericMobileDriver.findElement(DefaultGenericMobileDriver.java:61)
at io.appium.java_client.AppiumDriver.findElement(AppiumDriver.java:1)
at org.openqa.selenium.remote.RemoteWebDriver.findElementById(RemoteWebDriver.java:372)
at io.appium.java_client.DefaultGenericMobileDriver.findElementById(DefaultGenericMobileDriver.java:69)
at io.appium.java_client.AppiumDriver.findElementById(AppiumDriver.java:1)
at org.openqa.selenium.By$ById.findElement(By.java:188)
at org.openqa.selenium.remote.RemoteWebDriver.findElement(RemoteWebDriver.java:315)
at io.appium.java_client.DefaultGenericMobileDriver.findElement(DefaultGenericMobileDriver.java:57)
at io.appium.java_client.AppiumDriver.findElement(AppiumDriver.java:1)
at MyAppiumTest.Monefy.MonefyApp.IsMonefyAppOpen(MonefyApp.java:81)
at MyAppiumTest.Monefy.ExpenseCategoriesTest.openAppp(ExpenseCategoriesTest.java:38)
... Removed 33 stack frames]]>
    </failure>
  </testcase> <!-- @BeforeMethod openAppp -->
  <testcase classname="MyAppiumTest.Monefy.ExpenseCategoriesTest" name="@BeforeMethod openAppp" time="0.0">
    <skipped/>
  </testcase> <!-- @BeforeMethod openAppp -->
  <testcase classname="MyAppiumTest.Monefy.ExpenseCategoriesTest" name="@BeforeMethod openAppp" time="0.0">
    <skipped/>
  </testcase> <!-- @BeforeMethod openAppp -->
  <testcase classname="MyAppiumTest.Monefy.AddAccountTest" name="AddAccount" time="8.711"/>
  <testcase classname="MyAppiumTest.Monefy.DashBoardExpenseTest" name="DashboardExpenseButton" time="21.191">
    <failure type="org.openqa.selenium.NoSuchElementException" message="An element could not be located on the page using the given search parameters.
For documentation on this error, please visit: https://www.seleniumhq.org/exceptions/no_such_element.html
Build info: version: &amp;apos;3.141.59&amp;apos;, revision: &amp;apos;e82be7d358&amp;apos;, time: &amp;apos;2018-11-14T08:17:03&amp;apos;
System info: host: &amp;apos;LAPTOP-VI30PN44&amp;apos;, ip: &amp;apos;192.168.1.100&amp;apos;, os.name: &amp;apos;Windows 10&amp;apos;, os.arch: &amp;apos;amd64&amp;apos;, os.version: &amp;apos;10.0&amp;apos;, java.version: &amp;apos;13.0.2&amp;apos;
Driver info: io.appium.java_client.AppiumDriver
Capabilities {appActivity: com.monefy.activities.main...., appPackage: com.monefy.app.lite, databaseEnabled: false, desired: {appActivity: com.monefy.activities.main...., appPackage: com.monefy.app.lite, deviceName: Galaxy A30, platformName: android, platformVersion: 9, udid: RZ8M63QAJMT}, deviceApiLevel: 28, deviceManufacturer: samsung, deviceModel: SM-A305F, deviceName: RZ8M63QAJMT, deviceScreenDensity: 540, deviceScreenSize: 1080x2340, deviceUDID: RZ8M63QAJMT, javascriptEnabled: true, locationContextEnabled: false, networkConnectionEnabled: true, pixelRatio: 3.375, platform: LINUX, platformName: ANDROID, platformVersion: 9, statBarHeight: 83, takesScreenshot: true, udid: RZ8M63QAJMT, viewportRect: {height: 2012, left: 0, top: 83, width: 1080}, warnings: {}, webStorageEnabled: false}
Session ID: dec17ea8-308c-40d9-b10e-f6661902e0ea
*** Element info: {Using=xpath, value=//android.widget.TextView[@text=&amp;apos;New expense&amp;apos;]}">
      <![CDATA[org.openqa.selenium.NoSuchElementException: An element could not be located on the page using the given search parameters.
For documentation on this error, please visit: https://www.seleniumhq.org/exceptions/no_such_element.html
Build info: version: '3.141.59', revision: 'e82be7d358', time: '2018-11-14T08:17:03'
System info: host: 'LAPTOP-VI30PN44', ip: '192.168.1.100', os.name: 'Windows 10', os.arch: 'amd64', os.version: '10.0', java.version: '13.0.2'
Driver info: io.appium.java_client.AppiumDriver
Capabilities {appActivity: com.monefy.activities.main...., appPackage: com.monefy.app.lite, databaseEnabled: false, desired: {appActivity: com.monefy.activities.main...., appPackage: com.monefy.app.lite, deviceName: Galaxy A30, platformName: android, platformVersion: 9, udid: RZ8M63QAJMT}, deviceApiLevel: 28, deviceManufacturer: samsung, deviceModel: SM-A305F, deviceName: RZ8M63QAJMT, deviceScreenDensity: 540, deviceScreenSize: 1080x2340, deviceUDID: RZ8M63QAJMT, javascriptEnabled: true, locationContextEnabled: false, networkConnectionEnabled: true, pixelRatio: 3.375, platform: LINUX, platformName: ANDROID, platformVersion: 9, statBarHeight: 83, takesScreenshot: true, udid: RZ8M63QAJMT, viewportRect: {height: 2012, left: 0, top: 83, width: 1080}, warnings: {}, webStorageEnabled: false}
Session ID: dec17ea8-308c-40d9-b10e-f6661902e0ea
*** Element info: {Using=xpath, value=//android.widget.TextView[@text='New expense']}
at org.openqa.selenium.remote.http.W3CHttpResponseCodec.createException(W3CHttpResponseCodec.java:187)
at org.openqa.selenium.remote.http.W3CHttpResponseCodec.decode(W3CHttpResponseCodec.java:122)
at org.openqa.selenium.remote.http.W3CHttpResponseCodec.decode(W3CHttpResponseCodec.java:49)
at org.openqa.selenium.remote.HttpCommandExecutor.execute(HttpCommandExecutor.java:158)
at io.appium.java_client.remote.AppiumCommandExecutor.execute(AppiumCommandExecutor.java:247)
at org.openqa.selenium.remote.RemoteWebDriver.execute(RemoteWebDriver.java:552)
at io.appium.java_client.DefaultGenericMobileDriver.execute(DefaultGenericMobileDriver.java:41)
at io.appium.java_client.AppiumDriver.execute(AppiumDriver.java:1)
at org.openqa.selenium.remote.RemoteWebDriver.findElement(RemoteWebDriver.java:323)
at io.appium.java_client.DefaultGenericMobileDriver.findElement(DefaultGenericMobileDriver.java:61)
at io.appium.java_client.AppiumDriver.findElement(AppiumDriver.java:1)
at org.openqa.selenium.remote.RemoteWebDriver.findElementByXPath(RemoteWebDriver.java:428)
at io.appium.java_client.DefaultGenericMobileDriver.findElementByXPath(DefaultGenericMobileDriver.java:151)
at io.appium.java_client.AppiumDriver.findElementByXPath(AppiumDriver.java:1)
at org.openqa.selenium.By$ByXPath.findElement(By.java:353)
at org.openqa.selenium.remote.RemoteWebDriver.findElement(RemoteWebDriver.java:315)
at io.appium.java_client.DefaultGenericMobileDriver.findElement(DefaultGenericMobileDriver.java:57)
at io.appium.java_client.AppiumDriver.findElement(AppiumDriver.java:1)
at com.monefy.pages.DashboardExpense.ExpensetoBillsCategory(DashboardExpense.java:29)
at MyAppiumTest.Monefy.DashBoardExpenseTest.DashboardExpenseButton(DashBoardExpenseTest.java:53)
... Removed 30 stack frames]]>
    </failure>
  </testcase> <!-- DashboardExpenseButton -->
  <testcase classname="MyAppiumTest.Monefy.DashBoardAddIncomeTest" name="IncomeCategoryDeposit" time="0.0">
    <skipped/>
  </testcase> <!-- IncomeCategoryDeposit -->
  <testcase classname="MyAppiumTest.Monefy.DashBoardAddIncomeTest" name="IncomeCategorySalary" time="0.0">
    <skipped/>
  </testcase> <!-- IncomeCategorySalary -->
  <testcase classname="MyAppiumTest.Monefy.ExpenseCategoriesTest" name="AddCarItem" time="0.0">
    <skipped/>
  </testcase> <!-- AddCarItem -->
  <testcase classname="MyAppiumTest.Monefy.ExpenseCategoriesTest" name="AddClothsItem" time="0.0">
    <skipped/>
  </testcase> <!-- AddClothsItem -->
  <testcase classname="MyAppiumTest.Monefy.ExpenseCategoriesTest" name="AddEntertainmentItem" time="0.0">
    <skipped/>
  </testcase> <!-- AddEntertainmentItem -->
</testsuite> <!-- MonefyApp-SanityTest -->
